2025-09-08 11:52:13,304 - devicecare - INFO - Connected to WiFi: Modelaiot
2025-09-08 11:52:13,357 - __main__ - INFO - Connected via WiFi
2025-09-08 11:52:13,357 - mq_connector - INFO - Device ID: 6004, Device Version: 1.0.0
2025-09-08 11:52:13,506 - mq_connector - INFO - Connected with MQTT Broker code: Success
2025-09-08 11:52:13,512 - devicecare - INFO - YOUR URL: http://192.168.0.114:5000/video_feed
2025-09-08 11:52:13,513 - mq_connector - INFO - Mathced
2025-09-08 11:52:13,514 - mq_connector - INFO - Subscribed
2025-09-08 11:52:14,611 - camera - INFO - Usable capture indexes: [0]
2025-09-08 11:52:14,611 - camera - INFO - Discovered usable cameras: [0]
2025-09-08 11:52:15,321 - camera - INFO - Camera 0 test frame shape: (720, 1280, 3)
2025-09-08 11:52:15,321 - camera - INFO - Webcam 1 added from index 0
2025-09-08 11:52:15,322 - camera - INFO - Using optimized IP camera method
2025-09-08 11:52:17,463 - camera - INFO - Low-latency IP camera 2 started
2025-09-08 11:52:17,463 - camera - INFO - Optimized IP camera 2 added successfully
2025-09-08 11:52:17,464 - mq_connector - INFO - Setting complete
2025-09-08 11:52:17,519 - __main__ - INFO - Loaded sensor values: [[0, 0, 0, 0, 0, 0, 0, 0, 0, 0, 0], [0, 0, 0, 0, 0, 0, 0, 0, 0, 0, 0]]
2025-09-08 11:52:18,483 - camera - INFO - Usable capture indexes: [0]
2025-09-08 11:52:18,484 - camera - INFO - Discovered usable cameras: [0]
2025-09-08 11:59:20,962 - __main__ - INFO - Starting BLE server thread
2025-09-08 11:59:20,962 - __main__ - INFO - Started thread: BLE-Server
2025-09-08 11:59:20,964 - __main__ - INFO - Started thread: Camera-QR
2025-09-08 11:59:20,966 - __main__ - INFO - Started thread: Watchdog
2025-09-08 11:59:20,968 - __main__ - INFO - Started thread: LED-Control
2025-09-08 11:59:20,992 - __main__ - INFO - Searching for camera...
2025-09-08 11:59:21,019 - __main__ - INFO - BLE server started and advertising
2025-09-08 11:59:21,019 - __main__ - INFO - BLE server is ready
2025-09-08 11:59:22,836 - __main__ - INFO - QR Code reader started
2025-09-08 12:03:28,328 - __main__ - INFO - Received BLE data: SSID:Modelaiot,Password:0853666060,Key:Fp65R4bkdzKckdfsxEGI
2025-09-08 12:03:28,329 - __main__ - INFO - Parsed - SSID: Modelaiot, Password: **********, Key: Fp65R4bk...
2025-09-08 12:03:28,329 - __main__ - INFO - Ethernet connected, saving config directly
2025-09-08 12:03:28,332 - __main__ - INFO - Config updated successfully
2025-09-08 12:03:28,333 - __main__ - INFO - Configuration received, updating characteristic...
2025-09-08 12:03:31,336 - __main__ - INFO - Stopping BLE server...
2025-09-08 12:03:31,351 - __main__ - INFO - Shutdown signal received, cleaning up...
2025-09-08 12:03:31,351 - __main__ - INFO - BLE server thread exiting
2025-09-08 12:03:31,464 - __main__ - INFO - Camera thread exiting
2025-09-08 12:03:33,352 - __main__ - INFO - Setup complete. Exiting...
2025-09-08 12:03:39,378 - devicecare - INFO - Connected to WiFi: Modelaiot
2025-09-08 12:03:39,444 - __main__ - INFO - Connected via WiFi
2025-09-08 12:03:39,445 - mq_connector - INFO - Device ID: 6004, Device Version: 1.0.0
2025-09-08 12:03:53,275 - devicecare - INFO - Connected to WiFi: Modelaiot
2025-09-08 12:03:53,332 - __main__ - INFO - Connected via WiFi
2025-09-08 12:03:53,332 - mq_connector - INFO - Device ID: 6004, Device Version: 1.0.0
2025-09-08 12:03:53,501 - mq_connector - INFO - Connected with MQTT Broker code: Success
2025-09-08 12:03:53,507 - devicecare - INFO - YOUR URL: http://192.168.0.114:5000/video_feed
2025-09-08 12:03:53,509 - mq_connector - INFO - Mathced
2025-09-08 12:03:53,510 - mq_connector - INFO - Subscribed
2025-09-08 12:03:54,602 - camera - INFO - Usable capture indexes: [0]
2025-09-08 12:03:54,603 - camera - INFO - Discovered usable cameras: [0]
2025-09-08 12:03:54,685 - mq_connector - INFO - Topic from ,Fp65R4bkdzKckdfsxEGI/AddCamera Data: {"cameraAmount":1,"cameras":{"cameraNO":1,"name":"webcam 1","type":"webcam","ip":null}}
2025-09-08 12:03:55,365 - mq_connector - INFO - Setting complete
2025-09-08 12:03:55,376 - camera - INFO - Camera 0 test frame shape: (720, 1280, 3)
2025-09-08 12:03:55,376 - camera - INFO - Webcam 1 added from index 0
2025-09-08 12:03:55,425 - __main__ - INFO - Loaded sensor values: [[0, 0, 0, 0, 0, 0, 0, 0, 0, 0, 0], [0, 0, 0, 0, 0, 0, 0, 0, 0, 0, 0]]
2025-09-08 12:03:56,330 - camera - INFO - Usable capture indexes: [0]
2025-09-08 12:03:56,330 - camera - INFO - Discovered usable cameras: [0]
2025-09-08 12:03:57,040 - camera - INFO - Camera 0 test frame shape: (720, 1280, 3)
2025-09-08 12:03:57,040 - camera - INFO - Webcam 1 added from index 0
2025-09-08 12:10:01,829 - devicecare - INFO - Connected to WiFi: Modelaiot
2025-09-08 12:10:01,884 - __main__ - INFO - Connected via WiFi
2025-09-08 12:10:01,884 - mq_connector - INFO - Device ID: 6004, Device Version: 1.0.0
2025-09-08 12:10:02,054 - mq_connector - INFO - Connected with MQTT Broker code: Success
2025-09-08 12:10:02,060 - devicecare - INFO - YOUR URL: http://192.168.0.114:5000/video_feed
2025-09-08 12:10:02,061 - mq_connector - INFO - Mathced
2025-09-08 12:10:02,062 - mq_connector - INFO - Subscribed
2025-09-08 12:10:03,165 - camera - INFO - Usable capture indexes: [0]
2025-09-08 12:10:03,166 - camera - INFO - Discovered usable cameras: [0]
2025-09-08 12:10:03,876 - camera - INFO - Camera 0 test frame shape: (720, 1280, 3)
2025-09-08 12:10:03,876 - camera - INFO - Webcam 1 added from index 0
2025-09-08 12:10:03,876 - mq_connector - INFO - Setting complete
2025-09-08 12:10:03,928 - __main__ - INFO - Loaded sensor values: [[0, 0, 0, 0, 0, 0, 0, 0, 0, 0, 0], [0, 0, 0, 0, 0, 0, 0, 0, 0, 0, 0]]
2025-09-08 12:10:04,813 - camera - INFO - Usable capture indexes: [0]
2025-09-08 12:10:04,814 - camera - INFO - Discovered usable cameras: [0]
2025-09-08 12:10:05,524 - camera - INFO - Camera 0 test frame shape: (720, 1280, 3)
2025-09-08 12:10:05,524 - camera - INFO - Webcam 1 added from index 0
2025-09-08 12:50:21,368 - devicecare - INFO - Connected to WiFi: Modelaiot
2025-09-08 12:50:21,428 - __main__ - INFO - Connected via WiFi
2025-09-08 12:50:21,428 - mq_connector - INFO - Device ID: 6004, Device Version: 1.0.0
2025-09-08 12:50:21,584 - mq_connector - INFO - Connected with MQTT Broker code: Success
2025-09-08 12:50:21,593 - devicecare - INFO - YOUR URL: http://192.168.0.114:5000/video_feed
2025-09-08 12:50:21,594 - mq_connector - INFO - Mathced
2025-09-08 12:50:21,595 - mq_connector - INFO - Subscribed
2025-09-08 12:50:22,828 - camera - INFO - Usable capture indexes: [0]
2025-09-08 12:50:22,828 - camera - INFO - Discovered usable cameras: [0]
2025-09-08 12:50:23,606 - camera - INFO - Camera 0 test frame shape: (720, 1280, 3)
2025-09-08 12:50:23,606 - camera - INFO - Webcam 1 added from index 0
2025-09-08 12:50:23,606 - mq_connector - INFO - Setting complete
2025-09-08 12:50:23,696 - __main__ - INFO - Loaded sensor values: [[0, 0, 0, 0, 0, 0, 0, 0, 0, 0, 0], [0, 0, 0, 0, 0, 0, 0, 0, 0, 0, 0]]
2025-09-08 12:50:24,844 - camera - INFO - Usable capture indexes: [0]
2025-09-08 12:50:24,844 - camera - INFO - Discovered usable cameras: [0]
2025-09-08 12:50:25,554 - camera - INFO - Camera 0 test frame shape: (720, 1280, 3)
2025-09-08 12:50:25,554 - camera - INFO - Webcam 1 added from index 0
2025-09-08 12:56:22,245 - devicecare - INFO - Connected to WiFi: Modelaiot
2025-09-08 12:56:22,326 - __main__ - INFO - Connected via WiFi
2025-09-08 12:56:22,327 - mq_connector - INFO - Device ID: 6004, Device Version: 1.0.0
2025-09-08 12:56:22,482 - mq_connector - INFO - Connected with MQTT Broker code: Success
2025-09-08 12:56:22,488 - devicecare - INFO - YOUR URL: http://192.168.0.114:5000/video_feed
2025-09-08 12:56:22,489 - mq_connector - INFO - Mathced
2025-09-08 12:56:22,490 - mq_connector - INFO - Subscribed
2025-09-08 12:56:23,573 - camera - INFO - Usable capture indexes: [0]
2025-09-08 12:56:23,573 - camera - INFO - Discovered usable cameras: [0]
2025-09-08 12:56:24,283 - camera - INFO - Camera 0 test frame shape: (720, 1280, 3)
2025-09-08 12:56:24,284 - camera - INFO - Webcam 1 added from index 0
2025-09-08 12:56:24,284 - mq_connector - INFO - Setting complete
2025-09-08 12:56:24,343 - __main__ - INFO - Loaded sensor values: [[0, 0, 0, 0, 0, 0, 0, 0, 0, 0, 0], [0, 0, 0, 0, 0, 0, 0, 0, 0, 0, 0]]
2025-09-08 12:56:25,285 - camera - INFO - Usable capture indexes: [0]
2025-09-08 12:56:25,285 - camera - INFO - Discovered usable cameras: [0]
2025-09-08 12:56:25,998 - camera - INFO - Camera 0 test frame shape: (720, 1280, 3)
2025-09-08 12:56:25,998 - camera - INFO - Webcam 1 added from index 0
2025-09-08 15:33:49,480 - devicecare - INFO - Connected to WiFi: Modelaiot
2025-09-08 15:33:49,549 - __main__ - INFO - Connected via WiFi
2025-09-08 15:33:49,550 - mq_connector - INFO - Device ID: 6004, Device Version: 1.0.0
2025-09-08 15:33:49,709 - mq_connector - INFO - Connected with MQTT Broker code: Success
2025-09-08 15:33:49,716 - devicecare - INFO - YOUR URL: http://192.168.0.114:5000/video_feed
2025-09-08 15:33:49,717 - mq_connector - INFO - Mathced
2025-09-08 15:33:49,718 - mq_connector - INFO - Subscribed
2025-09-08 15:33:50,821 - camera - INFO - Usable capture indexes: [0]
2025-09-08 15:33:50,821 - camera - INFO - Discovered usable cameras: [0]
2025-09-08 15:33:51,535 - camera - INFO - Camera 0 test frame shape: (720, 1280, 3)
2025-09-08 15:33:51,535 - camera - INFO - Webcam 1 added from index 0
2025-09-08 15:33:51,535 - mq_connector - INFO - Setting complete
2025-09-08 15:33:51,594 - __main__ - INFO - Loaded sensor values: [[0, 0, 0, 0, 0, 0, 0, 0, 0, 0, 0], [0, 0, 0, 0, 0, 0, 0, 0, 0, 0, 0]]
2025-09-08 15:33:52,532 - camera - INFO - Usable capture indexes: [0]
2025-09-08 15:33:52,533 - camera - INFO - Discovered usable cameras: [0]
2025-09-08 15:33:53,242 - camera - INFO - Camera 0 test frame shape: (720, 1280, 3)
2025-09-08 15:33:53,243 - camera - INFO - Webcam 1 added from index 0
2025-09-08 15:35:37,045 - devicecare - INFO - Connected to WiFi: Modelaiot
2025-09-08 15:35:37,104 - __main__ - INFO - Connected via WiFi
2025-09-08 15:35:37,104 - mq_connector - INFO - Device ID: 6004, Device Version: 1.0.0
2025-09-08 15:35:37,264 - mq_connector - INFO - Connected with MQTT Broker code: Success
2025-09-08 15:35:37,270 - devicecare - INFO - YOUR URL: http://192.168.0.114:5000/video_feed
2025-09-08 15:35:37,272 - mq_connector - INFO - Mathced
2025-09-08 15:35:37,272 - mq_connector - INFO - Subscribed
2025-09-08 15:35:38,314 - camera - INFO - Usable capture indexes: [0]
2025-09-08 15:35:38,314 - camera - INFO - Discovered usable cameras: [0]
2025-09-08 15:35:39,024 - camera - INFO - Camera 0 test frame shape: (720, 1280, 3)
2025-09-08 15:35:39,025 - camera - INFO - Webcam 1 added from index 0
2025-09-08 15:35:39,025 - mq_connector - INFO - Setting complete
2025-09-08 15:35:39,069 - __main__ - INFO - Loaded sensor values: [[0, 0, 0, 0, 0, 0, 0, 0, 0, 0, 0], [0, 0, 0, 0, 0, 0, 0, 0, 0, 0, 0]]
2025-09-08 15:35:39,978 - camera - INFO - Usable capture indexes: [0]
2025-09-08 15:35:39,978 - camera - INFO - Discovered usable cameras: [0]
2025-09-08 15:35:40,688 - camera - INFO - Camera 0 test frame shape: (720, 1280, 3)
2025-09-08 15:35:40,688 - camera - INFO - Webcam 1 added from index 0
2025-09-08 15:36:35,165 - devicecare - INFO - Connected to WiFi: Modelaiot
2025-09-08 15:36:35,239 - __main__ - INFO - Connected via WiFi
2025-09-08 15:36:35,240 - mq_connector - INFO - Device ID: 6004, Device Version: 1.0.0
2025-09-08 15:36:35,420 - mq_connector - INFO - Connected with MQTT Broker code: Success
2025-09-08 15:36:35,427 - devicecare - INFO - YOUR URL: http://192.168.0.114:5000/video_feed
2025-09-08 15:36:35,428 - mq_connector - INFO - Mathced
2025-09-08 15:36:35,429 - mq_connector - INFO - Subscribed
2025-09-08 15:36:36,509 - camera - INFO - Usable capture indexes: [0]
2025-09-08 15:36:36,509 - camera - INFO - Discovered usable cameras: [0]
2025-09-08 15:36:37,223 - camera - INFO - Camera 0 test frame shape: (720, 1280, 3)
2025-09-08 15:36:37,223 - camera - INFO - Webcam 1 added from index 0
2025-09-08 15:36:37,223 - mq_connector - INFO - Setting complete
2025-09-08 15:36:37,285 - __main__ - INFO - Loaded sensor values: [[0, 0, 0, 0, 0, 0, 0, 0, 0, 0, 0], [0, 0, 0, 0, 0, 0, 0, 0, 0, 0, 0]]
2025-09-08 15:36:38,221 - camera - INFO - Usable capture indexes: [0]
2025-09-08 15:36:38,221 - camera - INFO - Discovered usable cameras: [0]
2025-09-08 15:36:38,931 - camera - INFO - Camera 0 test frame shape: (720, 1280, 3)
2025-09-08 15:36:38,931 - camera - INFO - Webcam 1 added from index 0
2025-09-08 15:37:54,275 - devicecare - INFO - Connected to WiFi: Modelaiot
2025-09-08 15:37:54,333 - __main__ - INFO - Connected via WiFi
2025-09-08 15:37:54,333 - mq_connector - INFO - Device ID: 6004, Device Version: 1.0.0
2025-09-08 15:38:14,862 - devicecare - INFO - Connected to WiFi: Modelaiot
2025-09-08 15:38:14,916 - __main__ - INFO - Connected via WiFi
2025-09-08 15:38:14,916 - mq_connector - INFO - Device ID: 6004, Device Version: 1.0.0
2025-09-08 15:38:15,077 - mq_connector - INFO - Connected with MQTT Broker code: Success
2025-09-08 15:38:15,083 - devicecare - INFO - YOUR URL: http://192.168.0.114:5000/video_feed
2025-09-08 15:38:15,084 - mq_connector - INFO - Mathced
2025-09-08 15:38:15,085 - mq_connector - INFO - Subscribed
2025-09-08 15:38:16,130 - camera - INFO - Usable capture indexes: [0]
2025-09-08 15:38:16,130 - camera - INFO - Discovered usable cameras: [0]
2025-09-08 15:38:16,840 - camera - INFO - Camera 0 test frame shape: (720, 1280, 3)
2025-09-08 15:38:16,841 - camera - INFO - Webcam 1 added from index 0
2025-09-08 15:38:16,841 - mq_connector - INFO - Setting complete
2025-09-08 15:38:16,903 - __main__ - INFO - Loaded sensor values: [[0, 0, 0, 0, 0, 0, 0, 0, 0, 0, 0], [0, 0, 0, 0, 0, 0, 0, 0, 0, 0, 0]]
2025-09-08 15:38:17,842 - camera - INFO - Usable capture indexes: [0]
2025-09-08 15:38:17,842 - camera - INFO - Discovered usable cameras: [0]
2025-09-08 15:38:18,552 - camera - INFO - Camera 0 test frame shape: (720, 1280, 3)
2025-09-08 15:38:18,552 - camera - INFO - Webcam 1 added from index 0
2025-09-08 15:55:07,867 - devicecare - INFO - Connected to WiFi: Modelaiot
2025-09-08 15:55:07,930 - __main__ - INFO - Connected via WiFi
2025-09-08 15:55:07,931 - mq_connector - INFO - Device ID: 6004, Device Version: 1.0.0
2025-09-08 15:55:08,093 - mq_connector - INFO - Connected with MQTT Broker code: Success
2025-09-08 15:55:08,099 - devicecare - INFO - YOUR URL: http://192.168.0.114:5000/video_feed
2025-09-08 15:55:08,101 - mq_connector - INFO - Mathced
2025-09-08 15:55:08,101 - mq_connector - INFO - Subscribed
2025-09-08 15:55:09,276 - camera - INFO - Usable capture indexes: [0]
2025-09-08 15:55:09,276 - camera - INFO - Discovered usable cameras: [0]
2025-09-08 15:55:09,986 - camera - INFO - Camera 0 test frame shape: (720, 1280, 3)
2025-09-08 15:55:09,986 - camera - INFO - Webcam 1 added from index 0
2025-09-08 15:55:09,986 - mq_connector - INFO - Setting complete
2025-09-08 15:55:10,052 - __main__ - INFO - Loaded sensor values: [[0, 0, 0, 0, 0, 0, 0, 0, 0, 0, 0], [0, 0, 0, 0, 0, 0, 0, 0, 0, 0, 0]]
2025-09-08 15:55:10,988 - camera - INFO - Usable capture indexes: [0]
2025-09-08 15:55:10,988 - camera - INFO - Discovered usable cameras: [0]
2025-09-08 15:55:11,637 - camera - INFO - Camera 0 test frame shape: (720, 1280, 3)
2025-09-08 15:55:11,637 - camera - INFO - Webcam 1 added from index 0
